%!Adobe-FontList 1.24
%Locale:0x809

%BeginFont
Handler:DirectoryHandler
FontType:Type1
FontName:AdobeHebrew-Regular
FamilyName:Adobe Hebrew
StyleName:Regular
FullName:Adobe Hebrew Regular
MenuName:Adobe Hebrew
StyleBits:0
FamilyNameNative:Adobe Hebrew
StyleNameNative:Regular
FullNameNative:Adobe Hebrew Regular
WritingScript:Hebrew
OutlineFileName:E:\sample work\mobile\Document fonts\AdobeHebrew-Regular.otf
DataFormat:sfntData
UsesStandardEncoding:yes
isCFF:yes
hasSVG:no
hasCOLR:no
VariableFontType:NonVariableFont
FileLength:73124
FileModTime:1704957711
WeightClass:400
WidthClass:5
AngleClass:0
NameArray:0,Mac,18,Adobe Hebrew
NameArray:0,Mac,4,Adobe Hebrew Regular
NameArray:0,Win,1,Adobe Hebrew
%EndFont

%BeginFont
Handler:DirectoryHandler
FontType:TrueType
FontName:BalooTammudu2-SemiBold
FamilyName:Baloo Tammudu 2
StyleName:SemiBold
FullName:Baloo Tammudu 2 SemiBold
MenuName:Baloo Tammudu 2 SemiBold
StyleBits:0
WritingScript:Roman
OutlineFileName:E:\sample work\mobile\Document fonts\BalooTammudu2-SemiBold.ttf
DataFormat:sfntData
hasSVG:no
hasCOLR:no
VariableFontType:NonVariableFont
FileLength:390716
FileModTime:1704957711
WeightClass:600
WidthClass:5
AngleClass:0
NameArray:0,Win,1,Baloo Tammudu 2 SemiBold
NameArray:0,Win,16,Baloo Tammudu 2
%EndFont

%BeginFont
Handler:DirectoryHandler
FontType:TrueType
FontName:FbSpoiler-Black
FamilyName:Fb Spoiler
StyleName:Black
FullName:Fb Spoiler Black
MenuName:Fb Spoiler Black
StyleBits:0
FamilyNameNative:Fb Spoiler
StyleNameNative:Black
FullNameNative:Fb Spoiler Black
WritingScript:Hebrew
OutlineFileName:E:\sample work\mobile\Document fonts\FbSpoiler-Black.otf
DataFormat:sfntData
hasSVG:no
hasCOLR:no
VariableFontType:NonVariableFont
FileLength:67556
FileModTime:1704957711
WeightClass:400
WidthClass:5
AngleClass:0
NameArray:0,Mac,4,Fb Spoiler Black
NameArray:0,Win,1,Fb Spoiler Black
NameArray:0,Win,16,Fb Spoiler
%EndFont

%BeginFont
Handler:DirectoryHandler
FontType:TrueType
FontName:FbSpoiler-Bold
FamilyName:Fb Spoiler
StyleName:Bold
FullName:FbSpoiler Bold
MenuName:Fb Spoiler
StyleBits:2
FamilyNameNative:Fb Spoiler
StyleNameNative:Bold
FullNameNative:Fb Spoiler Bold
WritingScript:Hebrew
OutlineFileName:E:\sample work\mobile\Document fonts\FbSpoiler-Bold.otf
DataFormat:sfntData
hasSVG:no
hasCOLR:no
VariableFontType:NonVariableFont
FileLength:68980
FileModTime:1704957711
WeightClass:700
WidthClass:5
AngleClass:0
NameArray:0,Mac,4,FbSpoiler Bold
NameArray:0,Win,1,Fb Spoiler
%EndFont

%BeginFont
Handler:DirectoryHandler
FontType:TrueType
FontName:FbSpoiler-Light
FamilyName:Fb Spoiler
StyleName:Light
FullName:Fb Spoiler Light
MenuName:Fb Spoiler Light
StyleBits:0
FamilyNameNative:Fb Spoiler
StyleNameNative:Light
FullNameNative:Fb Spoiler Light
WritingScript:Hebrew
OutlineFileName:E:\sample work\mobile\Document fonts\FbSpoiler-Light.otf
DataFormat:sfntData
hasSVG:no
hasCOLR:no
VariableFontType:NonVariableFont
FileLength:69932
FileModTime:1704957711
WeightClass:400
WidthClass:5
AngleClass:0
NameArray:0,Mac,4,Fb Spoiler Light
NameArray:0,Win,1,Fb Spoiler Light
NameArray:0,Win,16,Fb Spoiler
%EndFont

%BeginFont
Handler:DirectoryHandler
FontType:TrueType
FontName:FbSpoiler-Regular
FamilyName:Fb Spoiler
StyleName:Regular
FullName:Fb Spoiler
MenuName:Fb Spoiler
StyleBits:0
FamilyNameNative:Fb Spoiler
StyleNameNative:Regular
FullNameNative:Fb Spoiler Regular
WritingScript:Hebrew
OutlineFileName:E:\sample work\mobile\Document fonts\FbSpoiler-Regular.otf
DataFormat:sfntData
hasSVG:no
hasCOLR:no
VariableFontType:NonVariableFont
FileLength:68292
FileModTime:1704957711
WeightClass:400
WidthClass:5
AngleClass:0
NameArray:0,Mac,4,Fb Spoiler
NameArray:0,Win,1,Fb Spoiler
%EndFont

